CRITICAL - 2025-07-03 06:08:10 --> CodeIgniter\View\Exceptions\ViewException: Invalid file: "components/view_modal.php"
[Method: GET, Route: blog]
in SYSTEMPATH\Exceptions\FrameworkException.php on line 39.
 1 SYSTEMPATH\View\View.php(212): CodeIgniter\Exceptions\FrameworkException::forInvalidFile('components/view_modal.php')
 2 SYSTEMPATH\Common.php(1173): CodeIgniter\View\View->render('components/view_modal', [], true)
 3 APPPATH\Views\blog\index.php(66): view('components/view_modal')
 4 SYSTEMPATH\View\View.php(224): include('C:\\xampp\\htdocs\\framework-ci4\\app\\Views\\blog\\index.php')
 5 SYSTEMPATH\View\View.php(227): CodeIgniter\View\View->CodeIgniter\View\{closure}()
 6 SYSTEMPATH\Common.php(1173): CodeIgniter\View\View->render('blog/index', [], true)
 7 APPPATH\Controllers\Blog.php(15): view('blog/index', [...])
 8 SYSTEMPATH\CodeIgniter.php(933): App\Controllers\Blog->index()
 9 SYSTEMPATH\CodeIgniter.php(507): CodeIgniter\CodeIgniter->runController(Object(App\Controllers\Blog))
10 SYSTEMPATH\CodeIgniter.php(354): CodeIgniter\CodeIgniter->handleRequest(null, Object(Config\Cache), false)
11 SYSTEMPATH\Boot.php(334): CodeIgniter\CodeIgniter->run()
12 SYSTEMPATH\Boot.php(67): CodeIgniter\Boot::runCodeIgniter(Object(CodeIgniter\CodeIgniter))
13 FCPATH\index.php(59): CodeIgniter\Boot::bootWeb(Object(Config\Paths))
CRITICAL - 2025-07-03 06:08:16 --> CodeIgniter\View\Exceptions\ViewException: Invalid file: "components/view_modal.php"
[Method: GET, Route: blog]
in SYSTEMPATH\Exceptions\FrameworkException.php on line 39.
 1 SYSTEMPATH\View\View.php(212): CodeIgniter\Exceptions\FrameworkException::forInvalidFile('components/view_modal.php')
 2 SYSTEMPATH\Common.php(1173): CodeIgniter\View\View->render('components/view_modal', [], true)
 3 APPPATH\Views\blog\index.php(66): view('components/view_modal')
 4 SYSTEMPATH\View\View.php(224): include('C:\\xampp\\htdocs\\framework-ci4\\app\\Views\\blog\\index.php')
 5 SYSTEMPATH\View\View.php(227): CodeIgniter\View\View->CodeIgniter\View\{closure}()
 6 SYSTEMPATH\Common.php(1173): CodeIgniter\View\View->render('blog/index', [], true)
 7 APPPATH\Controllers\Blog.php(15): view('blog/index', [...])
 8 SYSTEMPATH\CodeIgniter.php(933): App\Controllers\Blog->index()
 9 SYSTEMPATH\CodeIgniter.php(507): CodeIgniter\CodeIgniter->runController(Object(App\Controllers\Blog))
10 SYSTEMPATH\CodeIgniter.php(354): CodeIgniter\CodeIgniter->handleRequest(null, Object(Config\Cache), false)
11 SYSTEMPATH\Boot.php(334): CodeIgniter\CodeIgniter->run()
12 SYSTEMPATH\Boot.php(67): CodeIgniter\Boot::runCodeIgniter(Object(CodeIgniter\CodeIgniter))
13 FCPATH\index.php(59): CodeIgniter\Boot::bootWeb(Object(Config\Paths))
